<?xml version="1.0" encoding="UTF-8"?>
<testng-results skipped="0" failed="0" ignored="0" total="1" passed="1">
  <reporter-output>
  </reporter-output>
  <suite name="Suite" duration-ms="36" started-at="2020-05-12T06:26:28Z" finished-at="2020-05-12T06:26:28Z">
    <groups>
    </groups>
    <test name="Test" duration-ms="36" started-at="2020-05-12T06:26:28Z" finished-at="2020-05-12T06:26:28Z">
      <class name="runner.TestRunner">
        <test-method status="PASS" signature="forTesting()[pri:0, instance:runner.TestRunner@13c78c0b]" name="forTesting" duration-ms="9" started-at="2020-05-12T06:26:28Z" finished-at="2020-05-12T06:26:28Z">
          <reporter-output>
          </reporter-output>
        </test-method> <!-- forTesting -->
      </class> <!-- runner.TestRunner -->
    </test> <!-- Test -->
  </suite> <!-- Suite -->
</testng-results>
