<?xml version="1.0" encoding="UTF-8"?>
<testng-results skipped="0" failed="0" ignored="0" total="1" passed="1">
  <reporter-output>
  </reporter-output>
  <suite name="Default suite" duration-ms="50" started-at="2020-05-07T17:49:16 IST" finished-at="2020-05-07T17:49:16 IST">
    <groups>
    </groups>
    <test name="Default test" duration-ms="50" started-at="2020-05-07T17:49:16 IST" finished-at="2020-05-07T17:49:16 IST">
      <class name="runner.TestRunner">
        <test-method status="PASS" signature="forTesting()[pri:0, instance:runner.TestRunner@2b2948e2]" name="forTesting" duration-ms="8" started-at="2020-05-07T17:49:16 IST" finished-at="2020-05-07T17:49:16 IST">
          <reporter-output>
          </reporter-output>
        </test-method> <!-- forTesting -->
      </class> <!-- runner.TestRunner -->
    </test> <!-- Default test -->
  </suite> <!-- Default suite -->
</testng-results>
